<?xml version="1.0" encoding="UTF-8"?>
<testsuite xmlns:xsi="http://www.w3.org/2001/XMLSchema-instance" xsi:noNamespaceSchemaLocation="https://maven.apache.org/surefire/maven-surefire-plugin/xsd/surefire-test-report.xsd" name="si.kotnik.GameTest" time="0.004" tests="6" errors="0" skipped="0" failures="0">
  <properties>
[...]
</properties>
  <testcase name="getNextPlayer" classname="si.kotnik.GameTest" time="0"/>
  <testcase name="isFinished" classname="si.kotnik.GameTest" time="0"/>
  <testcase name="makeAvailableChoices" classname="si.kotnik.GameTest" time="0"/>
  <testcase name="getInfo" classname="si.kotnik.GameTest" time="0"/>
  <testcase name="nextRound" classname="si.kotnik.GameTest" time="0"/>
  <testcase name="getDICES" classname="si.kotnik.GameTest" time="0"/>
</testsuite>